<?xml version="1.0" encoding="UTF-8" standalone="yes"?>
<ns2:test-suite start="1486433954307" stop="1486433972594" version="1.5.0" xmlns:ns2="urn:model.allure.qatools.yandex.ru">
    <name>Suite : Test demo</name>
    <title>Suite : Test demo</title>
    <test-cases>
        <test-case start="1486433961950" stop="1486433963134" status="passed">
            <name>test03_Method on [SecondRun passed=0 failed=0 skipped=0]</name>
            <steps/>
            <attachments/>
            <labels>
                <label name="testSuite" value="Suite"/>
                <label name="testGroup" value="Test demo"/>
                <label name="testClass" value="demo.SecondRun"/>
                <label name="testMethod" value="test03_Method"/>
                <label name="host" value="admins-MacBook-4.local"/>
                <label name="thread" value="2307@admins-MacBook-4.local.pool-1-thread-2(12)"/>
            </labels>
        </test-case>
        <test-case start="1486433961950" stop="1486433963134" status="passed">
            <name>test01_Method on [FirstRun passed=0 failed=0 skipped=0]</name>
            <steps/>
            <attachments/>
            <labels>
                <label name="testSuite" value="Suite"/>
                <label name="testGroup" value="Test demo"/>
                <label name="testClass" value="demo.FirstRun"/>
                <label name="testMethod" value="test01_Method"/>
                <label name="host" value="admins-MacBook-4.local"/>
                <label name="thread" value="2307@admins-MacBook-4.local.pool-1-thread-1(11)"/>
            </labels>
        </test-case>
        <test-case start="1486433969427" stop="1486433971901" status="failed">
            <name>test02_Method on [FirstRun passed=0 failed=0 skipped=0]</name>
            <failure>
                <message>AssertionError: </message>
                <stack-trace>java.lang.AssertionError: 
	at org.testng.AssertJUnit.fail(AssertJUnit.java:59)
	at org.testng.AssertJUnit.assertTrue(AssertJUnit.java:24)
	at org.testng.AssertJUnit.assertTrue(AssertJUnit.java:33)
	at demo.FirstRun.test02_Method(FirstRun.java:29)
	at sun.reflect.NativeMethodAccessorImpl.invoke0(Native Method)
	at sun.reflect.NativeMethodAccessorImpl.invoke(NativeMethodAccessorImpl.java:62)
	at sun.reflect.DelegatingMethodAccessorImpl.invoke(DelegatingMethodAccessorImpl.java:43)
	at java.lang.reflect.Method.invoke(Method.java:498)
	at org.testng.internal.MethodInvocationHelper.invokeMethod(MethodInvocationHelper.java:86)
	at org.testng.internal.Invoker.invokeMethod(Invoker.java:643)
	at org.testng.internal.Invoker.invokeTestMethod(Invoker.java:820)
	at org.testng.internal.Invoker.invokeTestMethods(Invoker.java:1128)
	at org.testng.internal.TestMethodWorker.invokeTestMethods(TestMethodWorker.java:129)
	at org.testng.internal.TestMethodWorker.run(TestMethodWorker.java:112)
	at java.util.concurrent.ThreadPoolExecutor.runWorker(ThreadPoolExecutor.java:1142)
	at java.util.concurrent.ThreadPoolExecutor$Worker.run(ThreadPoolExecutor.java:617)
	at java.lang.Thread.run(Thread.java:745)
</stack-trace>
            </failure>
            <steps/>
            <attachments/>
            <labels>
                <label name="testSuite" value="Suite"/>
                <label name="testGroup" value="Test demo"/>
                <label name="testClass" value="demo.FirstRun"/>
                <label name="testMethod" value="test02_Method"/>
                <label name="host" value="admins-MacBook-4.local"/>
                <label name="thread" value="2307@admins-MacBook-4.local.pool-1-thread-1(11)"/>
            </labels>
        </test-case>
        <test-case start="1486433969671" stop="1486433970684" status="passed">
            <name>test04_Method on [SecondRun passed=0 failed=0 skipped=0]</name>
            <steps/>
            <attachments/>
            <labels>
                <label name="testSuite" value="Suite"/>
                <label name="testGroup" value="Test demo"/>
                <label name="testClass" value="demo.SecondRun"/>
                <label name="testMethod" value="test04_Method"/>
                <label name="host" value="admins-MacBook-4.local"/>
                <label name="thread" value="2307@admins-MacBook-4.local.pool-1-thread-2(12)"/>
            </labels>
        </test-case>
    </test-cases>
    <labels>
        <label name="framework" value="TestNG"/>
        <label name="language" value="JAVA"/>
    </labels>
</ns2:test-suite>
